<?xml version="1.0" encoding="UTF-8"?>
<coverage generated="1766911911460" clover="3.2.0">
  <project timestamp="1766911911460" name="All files">
    <metrics statements="241" coveredstatements="188" conditionals="143" coveredconditionals="114" methods="58" coveredmethods="42" elements="442" coveredelements="344" complexity="0" loc="241" ncloc="241" packages="2" files="5" classes="5"/>
    <package name="src">
      <metrics statements="2" coveredstatements="2" conditionals="0" coveredconditionals="0" methods="1" coveredmethods="1"/>
      <file name="App.jsx" path="C:\Users\netan\Downloads\Telegram Desktop\Don-t-be-mean\Don-t-be-mean\habit-tracker\src\App.jsx">
        <metrics statements="1" coveredstatements="1" conditionals="0" coveredconditionals="0" methods="1" coveredmethods="1"/>
        <line num="9" count="2" type="stmt"/>
      </file>
      <file name="main.jsx" path="C:\Users\netan\Downloads\Telegram Desktop\Don-t-be-mean\Don-t-be-mean\habit-tracker\src\main.jsx">
        <metrics statements="1" coveredstatements="1" conditionals="0" coveredconditionals="0" methods="0" coveredmethods="0"/>
        <line num="6" count="4" type="stmt"/>
      </file>
    </package>
    <package name="src.assets.components">
      <metrics statements="239" coveredstatements="186" conditionals="143" coveredconditionals="114" methods="57" coveredmethods="41"/>
      <file name="LoginPage.jsx" path="C:\Users\netan\Downloads\Telegram Desktop\Don-t-be-mean\Don-t-be-mean\habit-tracker\src\assets\components\LoginPage.jsx">
        <metrics statements="31" coveredstatements="29" conditionals="12" coveredconditionals="12" methods="5" coveredmethods="4"/>
        <line num="5" count="1" type="stmt"/>
        <line num="8" count="30" type="stmt"/>
        <line num="9" count="30" type="stmt"/>
        <line num="10" count="30" type="stmt"/>
        <line num="11" count="30" type="stmt"/>
        <line num="16" count="30" type="stmt"/>
        <line num="17" count="13" type="stmt"/>
        <line num="18" count="13" type="stmt"/>
        <line num="23" count="13" type="cond" truecount="2" falsecount="0"/>
        <line num="26" count="30" type="stmt"/>
        <line num="27" count="6" type="stmt"/>
        <line num="28" count="6" type="stmt"/>
        <line num="29" count="6" type="stmt"/>
        <line num="31" count="6" type="stmt"/>
        <line num="33" count="6" type="cond" truecount="2" falsecount="0"/>
        <line num="34" count="1" type="stmt"/>
        <line num="35" count="1" type="stmt"/>
        <line num="36" count="1" type="stmt"/>
        <line num="39" count="5" type="stmt"/>
        <line num="40" count="5" type="stmt"/>
        <line num="48" count="4" type="stmt"/>
        <line num="49" count="4" type="cond" truecount="4" falsecount="0"/>
        <line num="50" count="3" type="stmt"/>
        <line num="51" count="3" type="stmt"/>
        <line num="53" count="1" type="stmt"/>
        <line num="56" count="1" type="stmt"/>
        <line num="58" count="5" type="stmt"/>
        <line num="62" count="30" type="stmt"/>
        <line num="63" count="0" type="stmt"/>
        <line num="64" count="0" type="stmt"/>
        <line num="67" count="30" type="stmt"/>
      </file>
      <file name="RegisterPage.jsx" path="C:\Users\netan\Downloads\Telegram Desktop\Don-t-be-mean\Don-t-be-mean\habit-tracker\src\assets\components\RegisterPage.jsx">
        <metrics statements="27" coveredstatements="9" conditionals="4" coveredconditionals="0" methods="3" coveredmethods="2"/>
        <line num="6" count="1" type="stmt"/>
        <line num="9" count="16" type="stmt"/>
        <line num="10" count="16" type="stmt"/>
        <line num="11" count="16" type="stmt"/>
        <line num="13" count="16" type="stmt"/>
        <line num="14" count="0" type="stmt"/>
        <line num="16" count="0" type="stmt"/>
        <line num="17" count="0" type="stmt"/>
        <line num="20" count="0" type="stmt"/>
        <line num="21" count="0" type="stmt"/>
        <line num="22" count="0" type="stmt"/>
        <line num="25" count="0" type="cond" truecount="0" falsecount="2"/>
        <line num="26" count="0" type="stmt"/>
        <line num="27" count="0" type="stmt"/>
        <line num="28" count="0" type="stmt"/>
        <line num="31" count="0" type="stmt"/>
        <line num="33" count="0" type="stmt"/>
        <line num="41" count="0" type="stmt"/>
        <line num="43" count="0" type="cond" truecount="0" falsecount="2"/>
        <line num="44" count="0" type="stmt"/>
        <line num="46" count="0" type="stmt"/>
        <line num="49" count="0" type="stmt"/>
        <line num="52" count="0" type="stmt"/>
        <line num="56" count="16" type="stmt"/>
        <line num="57" count="2" type="stmt"/>
        <line num="58" count="2" type="stmt"/>
        <line num="61" count="16" type="stmt"/>
      </file>
      <file name="Room.jsx" path="C:\Users\netan\Downloads\Telegram Desktop\Don-t-be-mean\Don-t-be-mean\habit-tracker\src\assets\components\Room.jsx">
        <metrics statements="181" coveredstatements="148" conditionals="127" coveredconditionals="102" methods="49" coveredmethods="35"/>
        <line num="5" count="1" type="stmt"/>
        <line num="10" count="1" type="stmt"/>
        <line num="27" count="79" type="stmt"/>
        <line num="28" count="79" type="stmt"/>
        <line num="47" count="79" type="stmt"/>
        <line num="48" count="79" type="stmt"/>
        <line num="49" count="79" type="stmt"/>
        <line num="50" count="79" type="stmt"/>
        <line num="51" count="79" type="stmt"/>
        <line num="52" count="79" type="stmt"/>
        <line num="53" count="79" type="stmt"/>
        <line num="54" count="79" type="stmt"/>
        <line num="55" count="79" type="stmt"/>
        <line num="56" count="79" type="stmt"/>
        <line num="57" count="79" type="stmt"/>
        <line num="58" count="79" type="stmt"/>
        <line num="59" count="79" type="stmt"/>
        <line num="60" count="79" type="stmt"/>
        <line num="61" count="79" type="stmt"/>
        <line num="62" count="79" type="stmt"/>
        <line num="64" count="79" type="stmt"/>
        <line num="65" count="27" type="stmt"/>
        <line num="66" count="27" type="cond" truecount="4" falsecount="0"/>
        <line num="67" count="4" type="stmt"/>
        <line num="71" count="79" type="stmt"/>
        <line num="72" count="27" type="stmt"/>
        <line num="74" count="27" type="cond" truecount="2" falsecount="0"/>
        <line num="75" count="1" type="stmt"/>
        <line num="76" count="1" type="stmt"/>
        <line num="77" count="1" type="stmt"/>
        <line num="78" count="1" type="stmt"/>
        <line num="81" count="26" type="stmt"/>
        <line num="82" count="26" type="stmt"/>
        <line num="86" count="25" type="cond" truecount="1" falsecount="1"/>
        <line num="87" count="25" type="stmt"/>
        <line num="88" count="25" type="stmt"/>
        <line num="94" count="25" type="stmt"/>
        <line num="97" count="0" type="stmt"/>
        <line num="98" count="0" type="stmt"/>
        <line num="100" count="25" type="stmt"/>
        <line num="104" count="79" type="stmt"/>
        <line num="105" count="4" type="stmt"/>
        <line num="106" count="4" type="stmt"/>
        <line num="107" count="4" type="stmt"/>
        <line num="108" count="4" type="stmt"/>
        <line num="112" count="4" type="cond" truecount="1" falsecount="1"/>
        <line num="113" count="4" type="stmt"/>
        <line num="114" count="4" type="stmt"/>
        <line num="115" count="4" type="stmt"/>
        <line num="118" count="0" type="stmt"/>
        <line num="120" count="4" type="stmt"/>
        <line num="133" count="79" type="stmt"/>
        <line num="134" count="27" type="stmt"/>
        <line num="136" count="27" type="stmt"/>
        <line num="137" count="27" type="stmt"/>
        <line num="145" count="27" type="cond" truecount="1" falsecount="1"/>
        <line num="146" count="27" type="stmt"/>
        <line num="147" count="30" type="stmt"/>
        <line num="156" count="16" type="cond" truecount="1" falsecount="1"/>
        <line num="157" count="16" type="stmt"/>
        <line num="158" count="16" type="cond" truecount="2" falsecount="0"/>
        <line num="159" count="26" type="stmt"/>
        <line num="168" count="16" type="cond" truecount="1" falsecount="1"/>
        <line num="169" count="16" type="stmt"/>
        <line num="170" count="16" type="cond" truecount="2" falsecount="0"/>
        <line num="171" count="26" type="stmt"/>
        <line num="173" count="13" type="stmt"/>
        <line num="182" count="16" type="cond" truecount="1" falsecount="1"/>
        <line num="183" count="16" type="stmt"/>
        <line num="184" count="16" type="cond" truecount="2" falsecount="0"/>
        <line num="185" count="26" type="stmt"/>
        <line num="195" count="16" type="cond" truecount="1" falsecount="1"/>
        <line num="196" count="16" type="stmt"/>
        <line num="197" count="16" type="stmt"/>
        <line num="208" count="79" type="stmt"/>
        <line num="209" count="1" type="stmt"/>
        <line num="210" count="2" type="cond" truecount="2" falsecount="0"/>
        <line num="214" count="79" type="stmt"/>
        <line num="215" count="4" type="stmt"/>
        <line num="216" count="3" type="cond" truecount="2" falsecount="0"/>
        <line num="217" count="1" type="stmt"/>
        <line num="220" count="2" type="stmt"/>
        <line num="221" count="2" type="stmt"/>
        <line num="222" count="2" type="stmt"/>
        <line num="229" count="2" type="stmt"/>
        <line num="233" count="2" type="stmt"/>
        <line num="234" count="2" type="cond" truecount="2" falsecount="0"/>
        <line num="235" count="1" type="stmt"/>
        <line num="236" count="1" type="stmt"/>
        <line num="242" count="79" type="stmt"/>
        <line num="243" count="2" type="stmt"/>
        <line num="244" count="2" type="stmt"/>
        <line num="246" count="2" type="stmt"/>
        <line num="250" count="2" type="cond" truecount="1" falsecount="1"/>
        <line num="251" count="2" type="stmt"/>
        <line num="253" count="2" type="cond" truecount="4" falsecount="0"/>
        <line num="254" count="1" type="stmt"/>
        <line num="256" count="1" type="cond" truecount="1" falsecount="1"/>
        <line num="257" count="0" type="stmt"/>
        <line num="258" count="0" type="stmt"/>
        <line num="261" count="1" type="stmt"/>
        <line num="262" count="1" type="stmt"/>
        <line num="263" count="1" type="stmt"/>
        <line num="265" count="1" type="stmt"/>
        <line num="268" count="0" type="stmt"/>
        <line num="274" count="79" type="stmt"/>
        <line num="275" count="0" type="stmt"/>
        <line num="278" count="79" type="stmt"/>
        <line num="279" count="0" type="stmt"/>
        <line num="281" count="0" type="stmt"/>
        <line num="282" count="0" type="stmt"/>
        <line num="284" count="0" type="stmt"/>
        <line num="295" count="0" type="cond" truecount="0" falsecount="2"/>
        <line num="296" count="0" type="stmt"/>
        <line num="297" count="0" type="stmt"/>
        <line num="298" count="0" type="stmt"/>
        <line num="300" count="0" type="stmt"/>
        <line num="301" count="0" type="cond" truecount="0" falsecount="2"/>
        <line num="307" count="79" type="stmt"/>
        <line num="308" count="1" type="stmt"/>
        <line num="309" count="1" type="cond" truecount="3" falsecount="1"/>
        <line num="310" count="0" type="stmt"/>
        <line num="311" count="0" type="stmt"/>
        <line num="314" count="1" type="stmt"/>
        <line num="315" count="1" type="stmt"/>
        <line num="323" count="1" type="stmt"/>
        <line num="324" count="1" type="cond" truecount="1" falsecount="1"/>
        <line num="325" count="1" type="stmt"/>
        <line num="331" count="79" type="stmt"/>
        <line num="332" count="3" type="cond" truecount="2" falsecount="0"/>
        <line num="333" count="1" type="stmt"/>
        <line num="334" count="1" type="stmt"/>
        <line num="337" count="2" type="stmt"/>
        <line num="338" count="2" type="stmt"/>
        <line num="339" count="2" type="stmt"/>
        <line num="343" count="1" type="cond" truecount="1" falsecount="1"/>
        <line num="344" count="1" type="stmt"/>
        <line num="345" count="1" type="cond" truecount="1" falsecount="1"/>
        <line num="348" count="1" type="stmt"/>
        <line num="352" count="79" type="stmt"/>
        <line num="353" count="0" type="stmt"/>
        <line num="354" count="0" type="stmt"/>
        <line num="357" count="79" type="stmt"/>
        <line num="358" count="0" type="stmt"/>
        <line num="359" count="0" type="stmt"/>
        <line num="360" count="0" type="stmt"/>
        <line num="363" count="79" type="stmt"/>
        <line num="364" count="1" type="stmt"/>
        <line num="365" count="1" type="stmt"/>
        <line num="368" count="79" type="cond" truecount="2" falsecount="0"/>
        <line num="369" count="31" type="stmt"/>
        <line num="375" count="48" type="cond" truecount="4" falsecount="0"/>
        <line num="376" count="52" type="stmt"/>
        <line num="378" count="48" type="stmt"/>
        <line num="391" count="9" type="stmt"/>
        <line num="402" count="0" type="stmt"/>
        <line num="403" count="13" type="stmt"/>
        <line num="405" count="1" type="stmt"/>
        <line num="432" count="5" type="stmt"/>
        <line num="450" count="6" type="cond" truecount="2" falsecount="0"/>
        <line num="451" count="6" type="stmt"/>
        <line num="456" count="1" type="stmt"/>
        <line num="480" count="2" type="stmt"/>
        <line num="482" count="0" type="cond" truecount="0" falsecount="2"/>
        <line num="499" count="2" type="stmt"/>
        <line num="502" count="0" type="stmt"/>
        <line num="526" count="0" type="cond" truecount="2" falsecount="0"/>
        <line num="530" count="3" type="cond" truecount="2" falsecount="0"/>
        <line num="534" count="3" type="cond" truecount="2" falsecount="0"/>
        <line num="552" count="0" type="stmt"/>
        <line num="553" count="0" type="stmt"/>
        <line num="557" count="0" type="stmt"/>
        <line num="570" count="1" type="stmt"/>
        <line num="579" count="0" type="stmt"/>
        <line num="592" count="0" type="stmt"/>
        <line num="619" count="52" type="stmt"/>
        <line num="621" count="1" type="stmt"/>
        <line num="637" count="49" type="stmt"/>
        <line num="638" count="49" type="stmt"/>
        <line num="639" count="49" type="cond" truecount="1" falsecount="1"/>
        <line num="641" count="49" type="stmt"/>
      </file>
    </package>
  </project>
</coverage>
