{"C:\\Users\\netan\\Downloads\\Telegram Desktop\\Don-t-be-mean\\Don-t-be-mean\\habit-tracker\\src\\App.jsx": {"path":"C:\\Users\\netan\\Downloads\\Telegram Desktop\\Don-t-be-mean\\Don-t-be-mean\\habit-tracker\\src\\App.jsx","statementMap":{"0":{"start":{"line":9,"column":2},"end":{"line":36,"column":4}}},"fnMap":{"0":{"name":"App","decl":{"start":{"line":8,"column":9},"end":{"line":8,"column":12}},"loc":{"start":{"line":8,"column":15},"end":{"line":37,"column":1}},"line":8}},"branchMap":{},"s":{"0":2},"f":{"0":2},"b":{},"_coverageSchema":"1a1c01bbd47fc00a2c39e90264f33305004495a9","hash":"55e3198fcfc6e63135d97f7938a41cdd2f3cf001"}
,"C:\\Users\\netan\\Downloads\\Telegram Desktop\\Don-t-be-mean\\Don-t-be-mean\\habit-tracker\\src\\main.jsx": {"path":"C:\\Users\\netan\\Downloads\\Telegram Desktop\\Don-t-be-mean\\Don-t-be-mean\\habit-tracker\\src\\main.jsx","statementMap":{"0":{"start":{"line":6,"column":0},"end":{"line":10,"column":1}}},"fnMap":{},"branchMap":{},"s":{"0":4},"f":{},"b":{},"_coverageSchema":"1a1c01bbd47fc00a2c39e90264f33305004495a9","hash":"9a1a5a974b8f1c36e147855aafa6d556318a28c5"}
,"C:\\Users\\netan\\Downloads\\Telegram Desktop\\Don-t-be-mean\\Don-t-be-mean\\habit-tracker\\src\\assets\\components\\LoginPage.jsx": {"path":"C:\\Users\\netan\\Downloads\\Telegram Desktop\\Don-t-be-mean\\Don-t-be-mean\\habit-tracker\\src\\assets\\components\\LoginPage.jsx","statementMap":{"0":{"start":{"line":5,"column":16},"end":{"line":5,"column":43}},"1":{"start":{"line":8,"column":19},"end":{"line":8,"column":32}},"2":{"start":{"line":9,"column":36},"end":{"line":9,"column":51}},"3":{"start":{"line":10,"column":28},"end":{"line":10,"column":40}},"4":{"start":{"line":11,"column":34},"end":{"line":14,"column":4}},"5":{"start":{"line":16,"column":28},"end":{"line":24,"column":3}},"6":{"start":{"line":17,"column":28},"end":{"line":17,"column":36}},"7":{"start":{"line":18,"column":4},"end":{"line":21,"column":8}},"8":{"start":{"line":18,"column":25},"end":{"line":21,"column":5}},"9":{"start":{"line":23,"column":4},"end":{"line":23,"column":28}},"10":{"start":{"line":23,"column":15},"end":{"line":23,"column":28}},"11":{"start":{"line":26,"column":23},"end":{"line":60,"column":3}},"12":{"start":{"line":27,"column":4},"end":{"line":27,"column":23}},"13":{"start":{"line":28,"column":4},"end":{"line":28,"column":23}},"14":{"start":{"line":29,"column":4},"end":{"line":29,"column":17}},"15":{"start":{"line":31,"column":35},"end":{"line":31,"column":43}},"16":{"start":{"line":33,"column":4},"end":{"line":37,"column":5}},"17":{"start":{"line":34,"column":6},"end":{"line":34,"column":52}},"18":{"start":{"line":35,"column":6},"end":{"line":35,"column":26}},"19":{"start":{"line":36,"column":6},"end":{"line":36,"column":13}},"20":{"start":{"line":39,"column":4},"end":{"line":59,"column":5}},"21":{"start":{"line":40,"column":23},"end":{"line":46,"column":8}},"22":{"start":{"line":48,"column":19},"end":{"line":48,"column":40}},"23":{"start":{"line":49,"column":6},"end":{"line":54,"column":7}},"24":{"start":{"line":50,"column":8},"end":{"line":50,"column":50}},"25":{"start":{"line":51,"column":8},"end":{"line":51,"column":26}},"26":{"start":{"line":53,"column":8},"end":{"line":53,"column":45}},"27":{"start":{"line":56,"column":6},"end":{"line":56,"column":46}},"28":{"start":{"line":58,"column":6},"end":{"line":58,"column":26}},"29":{"start":{"line":62,"column":30},"end":{"line":65,"column":3}},"30":{"start":{"line":63,"column":4},"end":{"line":63,"column":23}},"31":{"start":{"line":64,"column":4},"end":{"line":64,"column":26}},"32":{"start":{"line":67,"column":2},"end":{"line":158,"column":4}}},"fnMap":{"0":{"name":"LoginPage","decl":{"start":{"line":7,"column":9},"end":{"line":7,"column":18}},"loc":{"start":{"line":7,"column":21},"end":{"line":159,"column":1}},"line":7},"1":{"name":"(anonymous_1)","decl":{"start":{"line":16,"column":28},"end":{"line":16,"column":29}},"loc":{"start":{"line":16,"column":35},"end":{"line":24,"column":3}},"line":16},"2":{"name":"(anonymous_2)","decl":{"start":{"line":18,"column":16},"end":{"line":18,"column":17}},"loc":{"start":{"line":18,"column":25},"end":{"line":21,"column":5}},"line":18},"3":{"name":"(anonymous_3)","decl":{"start":{"line":26,"column":23},"end":{"line":26,"column":24}},"loc":{"start":{"line":26,"column":36},"end":{"line":60,"column":3}},"line":26},"4":{"name":"(anonymous_4)","decl":{"start":{"line":62,"column":30},"end":{"line":62,"column":31}},"loc":{"start":{"line":62,"column":37},"end":{"line":65,"column":3}},"line":62}},"branchMap":{"0":{"loc":{"start":{"line":23,"column":4},"end":{"line":23,"column":28}},"type":"if","locations":[{"start":{"line":23,"column":4},"end":{"line":23,"column":28}},{"start":{},"end":{}}],"line":23},"1":{"loc":{"start":{"line":33,"column":4},"end":{"line":37,"column":5}},"type":"if","locations":[{"start":{"line":33,"column":4},"end":{"line":37,"column":5}},{"start":{},"end":{}}],"line":33},"2":{"loc":{"start":{"line":49,"column":6},"end":{"line":54,"column":7}},"type":"if","locations":[{"start":{"line":49,"column":6},"end":{"line":54,"column":7}},{"start":{"line":52,"column":13},"end":{"line":54,"column":7}}],"line":49},"3":{"loc":{"start":{"line":49,"column":10},"end":{"line":49,"column":35}},"type":"binary-expr","locations":[{"start":{"line":49,"column":10},"end":{"line":49,"column":21}},{"start":{"line":49,"column":25},"end":{"line":49,"column":35}}],"line":49},"4":{"loc":{"start":{"line":76,"column":11},"end":{"line":89,"column":11}},"type":"binary-expr","locations":[{"start":{"line":76,"column":11},"end":{"line":76,"column":16}},{"start":{"line":77,"column":12},"end":{"line":88,"column":18}}],"line":76},"5":{"loc":{"start":{"line":147,"column":13},"end":{"line":147,"column":48}},"type":"cond-expr","locations":[{"start":{"line":147,"column":25},"end":{"line":147,"column":38}},{"start":{"line":147,"column":41},"end":{"line":147,"column":48}}],"line":147}},"s":{"0":1,"1":30,"2":30,"3":30,"4":30,"5":30,"6":13,"7":13,"8":13,"9":13,"10":1,"11":30,"12":6,"13":6,"14":6,"15":6,"16":6,"17":1,"18":1,"19":1,"20":5,"21":5,"22":4,"23":4,"24":3,"25":3,"26":1,"27":1,"28":5,"29":30,"30":0,"31":0,"32":30},"f":{"0":30,"1":13,"2":13,"3":6,"4":0},"b":{"0":[1,12],"1":[1,5],"2":[3,1],"3":[4,3],"4":[30,3],"5":[5,25]},"_coverageSchema":"1a1c01bbd47fc00a2c39e90264f33305004495a9","hash":"6643888d9d027cf49cc1c247fbaec1776127a8a6"}
,"C:\\Users\\netan\\Downloads\\Telegram Desktop\\Don-t-be-mean\\Don-t-be-mean\\habit-tracker\\src\\assets\\components\\RegisterPage.jsx": {"path":"C:\\Users\\netan\\Downloads\\Telegram Desktop\\Don-t-be-mean\\Don-t-be-mean\\habit-tracker\\src\\assets\\components\\RegisterPage.jsx","statementMap":{"0":{"start":{"line":6,"column":16},"end":{"line":6,"column":43}},"1":{"start":{"line":9,"column":19},"end":{"line":9,"column":32}},"2":{"start":{"line":10,"column":36},"end":{"line":10,"column":51}},"3":{"start":{"line":11,"column":28},"end":{"line":11,"column":40}},"4":{"start":{"line":13,"column":23},"end":{"line":54,"column":1}},"5":{"start":{"line":14,"column":2},"end":{"line":14,"column":21}},"6":{"start":{"line":16,"column":2},"end":{"line":16,"column":21}},"7":{"start":{"line":17,"column":2},"end":{"line":17,"column":15}},"8":{"start":{"line":20,"column":19},"end":{"line":20,"column":42}},"9":{"start":{"line":21,"column":19},"end":{"line":21,"column":42}},"10":{"start":{"line":22,"column":26},"end":{"line":22,"column":60}},"11":{"start":{"line":25,"column":2},"end":{"line":29,"column":3}},"12":{"start":{"line":26,"column":4},"end":{"line":26,"column":37}},"13":{"start":{"line":27,"column":4},"end":{"line":27,"column":24}},"14":{"start":{"line":28,"column":4},"end":{"line":28,"column":11}},"15":{"start":{"line":31,"column":2},"end":{"line":53,"column":3}},"16":{"start":{"line":33,"column":21},"end":{"line":39,"column":6}},"17":{"start":{"line":41,"column":17},"end":{"line":41,"column":38}},"18":{"start":{"line":43,"column":4},"end":{"line":47,"column":5}},"19":{"start":{"line":44,"column":6},"end":{"line":44,"column":25}},"20":{"start":{"line":46,"column":6},"end":{"line":46,"column":53}},"21":{"start":{"line":49,"column":4},"end":{"line":49,"column":41}},"22":{"start":{"line":52,"column":4},"end":{"line":52,"column":24}},"23":{"start":{"line":56,"column":27},"end":{"line":59,"column":3}},"24":{"start":{"line":57,"column":4},"end":{"line":57,"column":23}},"25":{"start":{"line":58,"column":4},"end":{"line":58,"column":23}},"26":{"start":{"line":61,"column":6},"end":{"line":148,"column":8}}},"fnMap":{"0":{"name":"RegisterPage","decl":{"start":{"line":8,"column":9},"end":{"line":8,"column":21}},"loc":{"start":{"line":8,"column":24},"end":{"line":149,"column":5}},"line":8},"1":{"name":"(anonymous_1)","decl":{"start":{"line":13,"column":23},"end":{"line":13,"column":24}},"loc":{"start":{"line":13,"column":36},"end":{"line":54,"column":1}},"line":13},"2":{"name":"(anonymous_2)","decl":{"start":{"line":56,"column":27},"end":{"line":56,"column":28}},"loc":{"start":{"line":56,"column":34},"end":{"line":59,"column":3}},"line":56}},"branchMap":{"0":{"loc":{"start":{"line":25,"column":2},"end":{"line":29,"column":3}},"type":"if","locations":[{"start":{"line":25,"column":2},"end":{"line":29,"column":3}},{"start":{},"end":{}}],"line":25},"1":{"loc":{"start":{"line":43,"column":4},"end":{"line":47,"column":5}},"type":"if","locations":[{"start":{"line":43,"column":4},"end":{"line":47,"column":5}},{"start":{"line":45,"column":11},"end":{"line":47,"column":5}}],"line":43}},"s":{"0":1,"1":16,"2":16,"3":16,"4":16,"5":0,"6":0,"7":0,"8":0,"9":0,"10":0,"11":0,"12":0,"13":0,"14":0,"15":0,"16":0,"17":0,"18":0,"19":0,"20":0,"21":0,"22":0,"23":16,"24":2,"25":2,"26":16},"f":{"0":16,"1":0,"2":2},"b":{"0":[0,0],"1":[0,0]},"_coverageSchema":"1a1c01bbd47fc00a2c39e90264f33305004495a9","hash":"45b4ab2c76f07fecaf803a1692494fe175733832"}
,"C:\\Users\\netan\\Downloads\\Telegram Desktop\\Don-t-be-mean\\Don-t-be-mean\\habit-tracker\\src\\assets\\components\\Room.jsx": {"path":"C:\\Users\\netan\\Downloads\\Telegram Desktop\\Don-t-be-mean\\Don-t-be-mean\\habit-tracker\\src\\assets\\components\\Room.jsx","statementMap":{"0":{"start":{"line":5,"column":16},"end":{"line":5,"column":43}},"1":{"start":{"line":10,"column":23},"end":{"line":24,"column":1}},"2":{"start":{"line":27,"column":19},"end":{"line":27,"column":32}},"3":{"start":{"line":28,"column":21},"end":{"line":28,"column":32}},"4":{"start":{"line":47,"column":26},"end":{"line":47,"column":40}},"5":{"start":{"line":48,"column":28},"end":{"line":48,"column":40}},"6":{"start":{"line":49,"column":37},"end":{"line":49,"column":52}},"7":{"start":{"line":50,"column":43},"end":{"line":50,"column":60}},"8":{"start":{"line":51,"column":28},"end":{"line":51,"column":40}},"9":{"start":{"line":52,"column":28},"end":{"line":52,"column":40}},"10":{"start":{"line":53,"column":31},"end":{"line":53,"column":45}},"11":{"start":{"line":54,"column":38},"end":{"line":54,"column":53}},"12":{"start":{"line":55,"column":36},"end":{"line":55,"column":48}},"13":{"start":{"line":56,"column":38},"end":{"line":56,"column":52}},"14":{"start":{"line":57,"column":37},"end":{"line":57,"column":49}},"15":{"start":{"line":58,"column":39},"end":{"line":58,"column":51}},"16":{"start":{"line":59,"column":39},"end":{"line":59,"column":51}},"17":{"start":{"line":60,"column":35},"end":{"line":60,"column":49}},"18":{"start":{"line":61,"column":49},"end":{"line":61,"column":61}},"19":{"start":{"line":62,"column":44},"end":{"line":62,"column":59}},"20":{"start":{"line":64,"column":2},"end":{"line":69,"column":15}},"21":{"start":{"line":65,"column":4},"end":{"line":65,"column":16}},"22":{"start":{"line":66,"column":4},"end":{"line":68,"column":5}},"23":{"start":{"line":67,"column":6},"end":{"line":67,"column":32}},"24":{"start":{"line":71,"column":20},"end":{"line":102,"column":3}},"25":{"start":{"line":72,"column":18},"end":{"line":72,"column":47}},"26":{"start":{"line":74,"column":4},"end":{"line":79,"column":5}},"27":{"start":{"line":75,"column":6},"end":{"line":75,"column":32}},"28":{"start":{"line":76,"column":6},"end":{"line":76,"column":27}},"29":{"start":{"line":77,"column":6},"end":{"line":77,"column":25}},"30":{"start":{"line":78,"column":6},"end":{"line":78,"column":13}},"31":{"start":{"line":81,"column":4},"end":{"line":101,"column":5}},"32":{"start":{"line":82,"column":25},"end":{"line":84,"column":8}},"33":{"start":{"line":86,"column":6},"end":{"line":93,"column":7}},"34":{"start":{"line":87,"column":25},"end":{"line":87,"column":48}},"35":{"start":{"line":88,"column":8},"end":{"line":92,"column":11}},"36":{"start":{"line":94,"column":6},"end":{"line":94,"column":21}},"37":{"start":{"line":97,"column":6},"end":{"line":97,"column":27}},"38":{"start":{"line":98,"column":6},"end":{"line":98,"column":25}},"39":{"start":{"line":100,"column":6},"end":{"line":100,"column":21}},"40":{"start":{"line":104,"column":28},"end":{"line":122,"column":3}},"41":{"start":{"line":105,"column":4},"end":{"line":105,"column":27}},"42":{"start":{"line":106,"column":4},"end":{"line":121,"column":5}},"43":{"start":{"line":107,"column":20},"end":{"line":107,"column":49}},"44":{"start":{"line":108,"column":23},"end":{"line":110,"column":8}},"45":{"start":{"line":112,"column":6},"end":{"line":116,"column":7}},"46":{"start":{"line":113,"column":21},"end":{"line":113,"column":42}},"47":{"start":{"line":114,"column":8},"end":{"line":114,"column":30}},"48":{"start":{"line":115,"column":8},"end":{"line":115,"column":43}},"49":{"start":{"line":118,"column":6},"end":{"line":118,"column":44}},"50":{"start":{"line":120,"column":6},"end":{"line":120,"column":30}},"51":{"start":{"line":133,"column":17},"end":{"line":206,"column":3}},"52":{"start":{"line":134,"column":18},"end":{"line":134,"column":47}},"53":{"start":{"line":136,"column":4},"end":{"line":205,"column":5}},"54":{"start":{"line":137,"column":79},"end":{"line":143,"column":8}},"55":{"start":{"line":145,"column":6},"end":{"line":154,"column":7}},"56":{"start":{"line":146,"column":26},"end":{"line":146,"column":52}},"57":{"start":{"line":147,"column":8},"end":{"line":153,"column":13}},"58":{"start":{"line":147,"column":46},"end":{"line":153,"column":9}},"59":{"start":{"line":156,"column":6},"end":{"line":165,"column":7}},"60":{"start":{"line":157,"column":25},"end":{"line":157,"column":45}},"61":{"start":{"line":158,"column":8},"end":{"line":164,"column":9}},"62":{"start":{"line":159,"column":10},"end":{"line":163,"column":15}},"63":{"start":{"line":159,"column":45},"end":{"line":163,"column":11}},"64":{"start":{"line":168,"column":6},"end":{"line":179,"column":7}},"65":{"start":{"line":169,"column":28},"end":{"line":169,"column":51}},"66":{"start":{"line":170,"column":8},"end":{"line":178,"column":9}},"67":{"start":{"line":171,"column":32},"end":{"line":171,"column":84}},"68":{"start":{"line":171,"column":67},"end":{"line":171,"column":83}},"69":{"start":{"line":173,"column":10},"end":{"line":177,"column":15}},"70":{"start":{"line":173,"column":46},"end":{"line":177,"column":11}},"71":{"start":{"line":182,"column":6},"end":{"line":192,"column":7}},"72":{"start":{"line":183,"column":32},"end":{"line":183,"column":59}},"73":{"start":{"line":184,"column":8},"end":{"line":191,"column":9}},"74":{"start":{"line":185,"column":10},"end":{"line":190,"column":15}},"75":{"start":{"line":185,"column":61},"end":{"line":190,"column":11}},"76":{"start":{"line":195,"column":6},"end":{"line":202,"column":7}},"77":{"start":{"line":196,"column":25},"end":{"line":196,"column":48}},"78":{"start":{"line":197,"column":8},"end":{"line":201,"column":11}},"79":{"start":{"line":208,"column":21},"end":{"line":212,"column":3}},"80":{"start":{"line":209,"column":4},"end":{"line":211,"column":7}},"81":{"start":{"line":210,"column":6},"end":{"line":210,"column":73}},"82":{"start":{"line":214,"column":22},"end":{"line":240,"column":3}},"83":{"start":{"line":215,"column":27},"end":{"line":215,"column":63}},"84":{"start":{"line":215,"column":48},"end":{"line":215,"column":62}},"85":{"start":{"line":216,"column":4},"end":{"line":218,"column":5}},"86":{"start":{"line":217,"column":6},"end":{"line":217,"column":13}},"87":{"start":{"line":220,"column":4},"end":{"line":239,"column":5}},"88":{"start":{"line":221,"column":20},"end":{"line":221,"column":49}},"89":{"start":{"line":222,"column":23},"end":{"line":231,"column":8}},"90":{"start":{"line":229,"column":47},"end":{"line":229,"column":54}},"91":{"start":{"line":233,"column":19},"end":{"line":233,"column":40}},"92":{"start":{"line":234,"column":6},"end":{"line":237,"column":7}},"93":{"start":{"line":235,"column":8},"end":{"line":235,"column":106}},"94":{"start":{"line":236,"column":8},"end":{"line":236,"column":23}},"95":{"start":{"line":242,"column":18},"end":{"line":272,"column":3}},"96":{"start":{"line":243,"column":4},"end":{"line":271,"column":5}},"97":{"start":{"line":244,"column":20},"end":{"line":244,"column":49}},"98":{"start":{"line":246,"column":23},"end":{"line":248,"column":8}},"99":{"start":{"line":250,"column":6},"end":{"line":269,"column":7}},"100":{"start":{"line":251,"column":21},"end":{"line":251,"column":42}},"101":{"start":{"line":253,"column":8},"end":{"line":266,"column":9}},"102":{"start":{"line":254,"column":24},"end":{"line":254,"column":70}},"103":{"start":{"line":254,"column":52},"end":{"line":254,"column":69}},"104":{"start":{"line":256,"column":10},"end":{"line":259,"column":11}},"105":{"start":{"line":257,"column":12},"end":{"line":257,"column":59}},"106":{"start":{"line":258,"column":12},"end":{"line":258,"column":19}},"107":{"start":{"line":261,"column":10},"end":{"line":261,"column":25}},"108":{"start":{"line":262,"column":10},"end":{"line":262,"column":26}},"109":{"start":{"line":263,"column":10},"end":{"line":263,"column":27}},"110":{"start":{"line":265,"column":10},"end":{"line":265,"column":54}},"111":{"start":{"line":268,"column":8},"end":{"line":268,"column":46}},"112":{"start":{"line":274,"column":27},"end":{"line":276,"column":3}},"113":{"start":{"line":275,"column":4},"end":{"line":275,"column":22}},"114":{"start":{"line":278,"column":33},"end":{"line":305,"column":3}},"115":{"start":{"line":279,"column":18},"end":{"line":279,"column":47}},"116":{"start":{"line":281,"column":4},"end":{"line":304,"column":5}},"117":{"start":{"line":282,"column":27},"end":{"line":282,"column":82}},"118":{"start":{"line":282,"column":55},"end":{"line":282,"column":81}},"119":{"start":{"line":284,"column":23},"end":{"line":293,"column":8}},"120":{"start":{"line":295,"column":6},"end":{"line":302,"column":7}},"121":{"start":{"line":296,"column":8},"end":{"line":296,"column":79}},"122":{"start":{"line":297,"column":8},"end":{"line":297,"column":26}},"123":{"start":{"line":298,"column":8},"end":{"line":298,"column":23}},"124":{"start":{"line":300,"column":26},"end":{"line":300,"column":47}},"125":{"start":{"line":301,"column":8},"end":{"line":301,"column":61}},"126":{"start":{"line":307,"column":18},"end":{"line":329,"column":3}},"127":{"start":{"line":308,"column":18},"end":{"line":308,"column":47}},"128":{"start":{"line":309,"column":4},"end":{"line":312,"column":5}},"129":{"start":{"line":310,"column":6},"end":{"line":310,"column":35}},"130":{"start":{"line":311,"column":6},"end":{"line":311,"column":13}},"131":{"start":{"line":314,"column":4},"end":{"line":328,"column":5}},"132":{"start":{"line":315,"column":23},"end":{"line":322,"column":8}},"133":{"start":{"line":323,"column":19},"end":{"line":323,"column":40}},"134":{"start":{"line":324,"column":6},"end":{"line":326,"column":7}},"135":{"start":{"line":325,"column":8},"end":{"line":325,"column":23}},"136":{"start":{"line":331,"column":20},"end":{"line":350,"column":3}},"137":{"start":{"line":332,"column":4},"end":{"line":335,"column":5}},"138":{"start":{"line":333,"column":6},"end":{"line":333,"column":22}},"139":{"start":{"line":334,"column":6},"end":{"line":334,"column":13}},"140":{"start":{"line":337,"column":4},"end":{"line":349,"column":5}},"141":{"start":{"line":338,"column":20},"end":{"line":338,"column":49}},"142":{"start":{"line":339,"column":23},"end":{"line":341,"column":8}},"143":{"start":{"line":343,"column":6},"end":{"line":346,"column":7}},"144":{"start":{"line":344,"column":21},"end":{"line":344,"column":42}},"145":{"start":{"line":345,"column":8},"end":{"line":345,"column":38}},"146":{"start":{"line":348,"column":6},"end":{"line":348,"column":44}},"147":{"start":{"line":352,"column":25},"end":{"line":355,"column":3}},"148":{"start":{"line":353,"column":4},"end":{"line":353,"column":32}},"149":{"start":{"line":354,"column":4},"end":{"line":354,"column":23}},"150":{"start":{"line":357,"column":21},"end":{"line":361,"column":3}},"151":{"start":{"line":358,"column":4},"end":{"line":358,"column":25}},"152":{"start":{"line":359,"column":4},"end":{"line":359,"column":20}},"153":{"start":{"line":360,"column":4},"end":{"line":360,"column":27}},"154":{"start":{"line":363,"column":17},"end":{"line":366,"column":3}},"155":{"start":{"line":364,"column":4},"end":{"line":364,"column":25}},"156":{"start":{"line":365,"column":4},"end":{"line":365,"column":23}},"157":{"start":{"line":368,"column":2},"end":{"line":374,"column":3}},"158":{"start":{"line":369,"column":4},"end":{"line":373,"column":6}},"159":{"start":{"line":375,"column":27},"end":{"line":375,"column":85}},"160":{"start":{"line":376,"column":25},"end":{"line":376,"column":62}},"161":{"start":{"line":376,"column":43},"end":{"line":376,"column":54}},"162":{"start":{"line":378,"column":2},"end":{"line":686,"column":4}},"163":{"start":{"line":391,"column":35},"end":{"line":391,"column":52}},"164":{"start":{"line":402,"column":54},"end":{"line":402,"column":72}},"165":{"start":{"line":403,"column":66},"end":{"line":403,"column":85}},"166":{"start":{"line":405,"column":29},"end":{"line":405,"column":47}},"167":{"start":{"line":432,"column":26},"end":{"line":434,"column":31}},"168":{"start":{"line":450,"column":39},"end":{"line":450,"column":71}},"169":{"start":{"line":451,"column":24},"end":{"line":463,"column":26}},"170":{"start":{"line":456,"column":45},"end":{"line":456,"column":58}},"171":{"start":{"line":480,"column":43},"end":{"line":480,"column":72}},"172":{"start":{"line":482,"column":28},"end":{"line":482,"column":63}},"173":{"start":{"line":482,"column":51},"end":{"line":482,"column":63}},"174":{"start":{"line":499,"column":28},"end":{"line":507,"column":33}},"175":{"start":{"line":502,"column":47},"end":{"line":502,"column":70}},"176":{"start":{"line":526,"column":41},"end":{"line":526,"column":64}},"177":{"start":{"line":530,"column":41},"end":{"line":530,"column":63}},"178":{"start":{"line":534,"column":41},"end":{"line":534,"column":67}},"179":{"start":{"line":552,"column":59},"end":{"line":552,"column":76}},"180":{"start":{"line":553,"column":54},"end":{"line":553,"column":73}},"181":{"start":{"line":557,"column":31},"end":{"line":557,"column":48}},"182":{"start":{"line":570,"column":20},"end":{"line":584,"column":25}},"183":{"start":{"line":579,"column":39},"end":{"line":579,"column":64}},"184":{"start":{"line":592,"column":31},"end":{"line":592,"column":48}},"185":{"start":{"line":619,"column":18},"end":{"line":624,"column":23}},"186":{"start":{"line":621,"column":86},"end":{"line":621,"column":105}},"187":{"start":{"line":637,"column":40},"end":{"line":637,"column":63}},"188":{"start":{"line":638,"column":30},"end":{"line":638,"column":59}},"189":{"start":{"line":639,"column":18},"end":{"line":639,"column":40}},"190":{"start":{"line":639,"column":28},"end":{"line":639,"column":40}},"191":{"start":{"line":641,"column":18},"end":{"line":661,"column":20}}},"fnMap":{"0":{"name":"Room","decl":{"start":{"line":26,"column":9},"end":{"line":26,"column":13}},"loc":{"start":{"line":26,"column":16},"end":{"line":687,"column":1}},"line":26},"1":{"name":"(anonymous_1)","decl":{"start":{"line":64,"column":12},"end":{"line":64,"column":13}},"loc":{"start":{"line":64,"column":18},"end":{"line":69,"column":3}},"line":64},"2":{"name":"(anonymous_2)","decl":{"start":{"line":71,"column":20},"end":{"line":71,"column":21}},"loc":{"start":{"line":71,"column":32},"end":{"line":102,"column":3}},"line":71},"3":{"name":"(anonymous_3)","decl":{"start":{"line":104,"column":28},"end":{"line":104,"column":29}},"loc":{"start":{"line":104,"column":42},"end":{"line":122,"column":3}},"line":104},"4":{"name":"(anonymous_4)","decl":{"start":{"line":133,"column":17},"end":{"line":133,"column":18}},"loc":{"start":{"line":133,"column":29},"end":{"line":206,"column":3}},"line":133},"5":{"name":"(anonymous_5)","decl":{"start":{"line":147,"column":37},"end":{"line":147,"column":38}},"loc":{"start":{"line":147,"column":46},"end":{"line":153,"column":9}},"line":147},"6":{"name":"(anonymous_6)","decl":{"start":{"line":159,"column":36},"end":{"line":159,"column":37}},"loc":{"start":{"line":159,"column":45},"end":{"line":163,"column":11}},"line":159},"7":{"name":"(anonymous_7)","decl":{"start":{"line":171,"column":59},"end":{"line":171,"column":60}},"loc":{"start":{"line":171,"column":67},"end":{"line":171,"column":83}},"line":171},"8":{"name":"(anonymous_8)","decl":{"start":{"line":173,"column":37},"end":{"line":173,"column":38}},"loc":{"start":{"line":173,"column":46},"end":{"line":177,"column":11}},"line":173},"9":{"name":"(anonymous_9)","decl":{"start":{"line":185,"column":52},"end":{"line":185,"column":53}},"loc":{"start":{"line":185,"column":61},"end":{"line":190,"column":11}},"line":185},"10":{"name":"(anonymous_10)","decl":{"start":{"line":208,"column":21},"end":{"line":208,"column":22}},"loc":{"start":{"line":208,"column":33},"end":{"line":212,"column":3}},"line":208},"11":{"name":"(anonymous_11)","decl":{"start":{"line":209,"column":23},"end":{"line":209,"column":24}},"loc":{"start":{"line":210,"column":6},"end":{"line":210,"column":73}},"line":210},"12":{"name":"(anonymous_12)","decl":{"start":{"line":214,"column":22},"end":{"line":214,"column":23}},"loc":{"start":{"line":214,"column":34},"end":{"line":240,"column":3}},"line":214},"13":{"name":"(anonymous_13)","decl":{"start":{"line":215,"column":40},"end":{"line":215,"column":41}},"loc":{"start":{"line":215,"column":48},"end":{"line":215,"column":62}},"line":215},"14":{"name":"(anonymous_14)","decl":{"start":{"line":229,"column":39},"end":{"line":229,"column":40}},"loc":{"start":{"line":229,"column":47},"end":{"line":229,"column":54}},"line":229},"15":{"name":"(anonymous_15)","decl":{"start":{"line":242,"column":18},"end":{"line":242,"column":19}},"loc":{"start":{"line":242,"column":30},"end":{"line":272,"column":3}},"line":242},"16":{"name":"(anonymous_16)","decl":{"start":{"line":254,"column":44},"end":{"line":254,"column":45}},"loc":{"start":{"line":254,"column":52},"end":{"line":254,"column":69}},"line":254},"17":{"name":"(anonymous_17)","decl":{"start":{"line":274,"column":27},"end":{"line":274,"column":28}},"loc":{"start":{"line":274,"column":39},"end":{"line":276,"column":3}},"line":274},"18":{"name":"(anonymous_18)","decl":{"start":{"line":278,"column":33},"end":{"line":278,"column":34}},"loc":{"start":{"line":278,"column":45},"end":{"line":305,"column":3}},"line":278},"19":{"name":"(anonymous_19)","decl":{"start":{"line":282,"column":47},"end":{"line":282,"column":48}},"loc":{"start":{"line":282,"column":55},"end":{"line":282,"column":81}},"line":282},"20":{"name":"(anonymous_20)","decl":{"start":{"line":307,"column":18},"end":{"line":307,"column":19}},"loc":{"start":{"line":307,"column":34},"end":{"line":329,"column":3}},"line":307},"21":{"name":"(anonymous_21)","decl":{"start":{"line":331,"column":20},"end":{"line":331,"column":21}},"loc":{"start":{"line":331,"column":32},"end":{"line":350,"column":3}},"line":331},"22":{"name":"(anonymous_22)","decl":{"start":{"line":352,"column":25},"end":{"line":352,"column":26}},"loc":{"start":{"line":352,"column":37},"end":{"line":355,"column":3}},"line":352},"23":{"name":"(anonymous_23)","decl":{"start":{"line":357,"column":21},"end":{"line":357,"column":22}},"loc":{"start":{"line":357,"column":27},"end":{"line":361,"column":3}},"line":357},"24":{"name":"(anonymous_24)","decl":{"start":{"line":363,"column":17},"end":{"line":363,"column":18}},"loc":{"start":{"line":363,"column":23},"end":{"line":366,"column":3}},"line":363},"25":{"name":"(anonymous_25)","decl":{"start":{"line":376,"column":38},"end":{"line":376,"column":39}},"loc":{"start":{"line":376,"column":43},"end":{"line":376,"column":54}},"line":376},"26":{"name":"(anonymous_26)","decl":{"start":{"line":391,"column":29},"end":{"line":391,"column":30}},"loc":{"start":{"line":391,"column":35},"end":{"line":391,"column":52}},"line":391},"27":{"name":"(anonymous_27)","decl":{"start":{"line":402,"column":48},"end":{"line":402,"column":49}},"loc":{"start":{"line":402,"column":54},"end":{"line":402,"column":72}},"line":402},"28":{"name":"(anonymous_28)","decl":{"start":{"line":403,"column":59},"end":{"line":403,"column":60}},"loc":{"start":{"line":403,"column":66},"end":{"line":403,"column":85}},"line":403},"29":{"name":"(anonymous_29)","decl":{"start":{"line":405,"column":23},"end":{"line":405,"column":24}},"loc":{"start":{"line":405,"column":29},"end":{"line":405,"column":47}},"line":405},"30":{"name":"(anonymous_30)","decl":{"start":{"line":431,"column":35},"end":{"line":431,"column":36}},"loc":{"start":{"line":432,"column":26},"end":{"line":434,"column":31}},"line":432},"31":{"name":"(anonymous_31)","decl":{"start":{"line":449,"column":37},"end":{"line":449,"column":38}},"loc":{"start":{"line":449,"column":45},"end":{"line":464,"column":23}},"line":449},"32":{"name":"(anonymous_32)","decl":{"start":{"line":456,"column":39},"end":{"line":456,"column":40}},"loc":{"start":{"line":456,"column":45},"end":{"line":456,"column":58}},"line":456},"33":{"name":"(anonymous_33)","decl":{"start":{"line":480,"column":36},"end":{"line":480,"column":37}},"loc":{"start":{"line":480,"column":43},"end":{"line":480,"column":72}},"line":480},"34":{"name":"(anonymous_34)","decl":{"start":{"line":481,"column":35},"end":{"line":481,"column":36}},"loc":{"start":{"line":481,"column":42},"end":{"line":483,"column":27}},"line":481},"35":{"name":"(anonymous_35)","decl":{"start":{"line":498,"column":45},"end":{"line":498,"column":46}},"loc":{"start":{"line":499,"column":28},"end":{"line":507,"column":33}},"line":499},"36":{"name":"(anonymous_36)","decl":{"start":{"line":502,"column":41},"end":{"line":502,"column":42}},"loc":{"start":{"line":502,"column":47},"end":{"line":502,"column":70}},"line":502},"37":{"name":"(anonymous_37)","decl":{"start":{"line":526,"column":35},"end":{"line":526,"column":36}},"loc":{"start":{"line":526,"column":41},"end":{"line":526,"column":64}},"line":526},"38":{"name":"(anonymous_38)","decl":{"start":{"line":530,"column":35},"end":{"line":530,"column":36}},"loc":{"start":{"line":530,"column":41},"end":{"line":530,"column":63}},"line":530},"39":{"name":"(anonymous_39)","decl":{"start":{"line":534,"column":35},"end":{"line":534,"column":36}},"loc":{"start":{"line":534,"column":41},"end":{"line":534,"column":67}},"line":534},"40":{"name":"(anonymous_40)","decl":{"start":{"line":552,"column":53},"end":{"line":552,"column":54}},"loc":{"start":{"line":552,"column":59},"end":{"line":552,"column":76}},"line":552},"41":{"name":"(anonymous_41)","decl":{"start":{"line":553,"column":47},"end":{"line":553,"column":48}},"loc":{"start":{"line":553,"column":54},"end":{"line":553,"column":73}},"line":553},"42":{"name":"(anonymous_42)","decl":{"start":{"line":557,"column":25},"end":{"line":557,"column":26}},"loc":{"start":{"line":557,"column":31},"end":{"line":557,"column":48}},"line":557},"43":{"name":"(anonymous_43)","decl":{"start":{"line":569,"column":38},"end":{"line":569,"column":39}},"loc":{"start":{"line":570,"column":20},"end":{"line":584,"column":25}},"line":570},"44":{"name":"(anonymous_44)","decl":{"start":{"line":579,"column":33},"end":{"line":579,"column":34}},"loc":{"start":{"line":579,"column":39},"end":{"line":579,"column":64}},"line":579},"45":{"name":"(anonymous_45)","decl":{"start":{"line":592,"column":25},"end":{"line":592,"column":26}},"loc":{"start":{"line":592,"column":31},"end":{"line":592,"column":48}},"line":592},"46":{"name":"(anonymous_46)","decl":{"start":{"line":618,"column":27},"end":{"line":618,"column":28}},"loc":{"start":{"line":619,"column":18},"end":{"line":624,"column":23}},"line":619},"47":{"name":"(anonymous_47)","decl":{"start":{"line":621,"column":80},"end":{"line":621,"column":81}},"loc":{"start":{"line":621,"column":86},"end":{"line":621,"column":105}},"line":621},"48":{"name":"(anonymous_48)","decl":{"start":{"line":636,"column":58},"end":{"line":636,"column":59}},"loc":{"start":{"line":636,"column":66},"end":{"line":662,"column":17}},"line":636}},"branchMap":{"0":{"loc":{"start":{"line":66,"column":4},"end":{"line":68,"column":5}},"type":"if","locations":[{"start":{"line":66,"column":4},"end":{"line":68,"column":5}},{"start":{},"end":{}}],"line":66},"1":{"loc":{"start":{"line":66,"column":8},"end":{"line":66,"column":33}},"type":"binary-expr","locations":[{"start":{"line":66,"column":8},"end":{"line":66,"column":14}},{"start":{"line":66,"column":18},"end":{"line":66,"column":33}}],"line":66},"2":{"loc":{"start":{"line":74,"column":4},"end":{"line":79,"column":5}},"type":"if","locations":[{"start":{"line":74,"column":4},"end":{"line":79,"column":5}},{"start":{},"end":{}}],"line":74},"3":{"loc":{"start":{"line":86,"column":6},"end":{"line":93,"column":7}},"type":"if","locations":[{"start":{"line":86,"column":6},"end":{"line":93,"column":7}},{"start":{},"end":{}}],"line":86},"4":{"loc":{"start":{"line":112,"column":6},"end":{"line":116,"column":7}},"type":"if","locations":[{"start":{"line":112,"column":6},"end":{"line":116,"column":7}},{"start":{},"end":{}}],"line":112},"5":{"loc":{"start":{"line":145,"column":6},"end":{"line":154,"column":7}},"type":"if","locations":[{"start":{"line":145,"column":6},"end":{"line":154,"column":7}},{"start":{},"end":{}}],"line":145},"6":{"loc":{"start":{"line":150,"column":21},"end":{"line":150,"column":44}},"type":"binary-expr","locations":[{"start":{"line":150,"column":21},"end":{"line":150,"column":35}},{"start":{"line":150,"column":39},"end":{"line":150,"column":44}}],"line":150},"7":{"loc":{"start":{"line":152,"column":18},"end":{"line":152,"column":39}},"type":"binary-expr","locations":[{"start":{"line":152,"column":18},"end":{"line":152,"column":34}},{"start":{"line":152,"column":38},"end":{"line":152,"column":39}}],"line":152},"8":{"loc":{"start":{"line":156,"column":6},"end":{"line":165,"column":7}},"type":"if","locations":[{"start":{"line":156,"column":6},"end":{"line":165,"column":7}},{"start":{},"end":{}}],"line":156},"9":{"loc":{"start":{"line":158,"column":8},"end":{"line":164,"column":9}},"type":"if","locations":[{"start":{"line":158,"column":8},"end":{"line":164,"column":9}},{"start":{},"end":{}}],"line":158},"10":{"loc":{"start":{"line":168,"column":6},"end":{"line":179,"column":7}},"type":"if","locations":[{"start":{"line":168,"column":6},"end":{"line":179,"column":7}},{"start":{},"end":{}}],"line":168},"11":{"loc":{"start":{"line":170,"column":8},"end":{"line":178,"column":9}},"type":"if","locations":[{"start":{"line":170,"column":8},"end":{"line":178,"column":9}},{"start":{},"end":{}}],"line":170},"12":{"loc":{"start":{"line":182,"column":6},"end":{"line":192,"column":7}},"type":"if","locations":[{"start":{"line":182,"column":6},"end":{"line":192,"column":7}},{"start":{},"end":{}}],"line":182},"13":{"loc":{"start":{"line":184,"column":8},"end":{"line":191,"column":9}},"type":"if","locations":[{"start":{"line":184,"column":8},"end":{"line":191,"column":9}},{"start":{},"end":{}}],"line":184},"14":{"loc":{"start":{"line":195,"column":6},"end":{"line":202,"column":7}},"type":"if","locations":[{"start":{"line":195,"column":6},"end":{"line":202,"column":7}},{"start":{},"end":{}}],"line":195},"15":{"loc":{"start":{"line":210,"column":6},"end":{"line":210,"column":73}},"type":"cond-expr","locations":[{"start":{"line":210,"column":27},"end":{"line":210,"column":66}},{"start":{"line":210,"column":69},"end":{"line":210,"column":73}}],"line":210},"16":{"loc":{"start":{"line":216,"column":4},"end":{"line":218,"column":5}},"type":"if","locations":[{"start":{"line":216,"column":4},"end":{"line":218,"column":5}},{"start":{},"end":{}}],"line":216},"17":{"loc":{"start":{"line":234,"column":6},"end":{"line":237,"column":7}},"type":"if","locations":[{"start":{"line":234,"column":6},"end":{"line":237,"column":7}},{"start":{},"end":{}}],"line":234},"18":{"loc":{"start":{"line":250,"column":6},"end":{"line":269,"column":7}},"type":"if","locations":[{"start":{"line":250,"column":6},"end":{"line":269,"column":7}},{"start":{"line":267,"column":13},"end":{"line":269,"column":7}}],"line":250},"19":{"loc":{"start":{"line":253,"column":8},"end":{"line":266,"column":9}},"type":"if","locations":[{"start":{"line":253,"column":8},"end":{"line":266,"column":9}},{"start":{"line":264,"column":15},"end":{"line":266,"column":9}}],"line":253},"20":{"loc":{"start":{"line":253,"column":12},"end":{"line":253,"column":51}},"type":"binary-expr","locations":[{"start":{"line":253,"column":12},"end":{"line":253,"column":24}},{"start":{"line":253,"column":28},"end":{"line":253,"column":51}}],"line":253},"21":{"loc":{"start":{"line":256,"column":10},"end":{"line":259,"column":11}},"type":"if","locations":[{"start":{"line":256,"column":10},"end":{"line":259,"column":11}},{"start":{},"end":{}}],"line":256},"22":{"loc":{"start":{"line":295,"column":6},"end":{"line":302,"column":7}},"type":"if","locations":[{"start":{"line":295,"column":6},"end":{"line":302,"column":7}},{"start":{"line":299,"column":13},"end":{"line":302,"column":7}}],"line":295},"23":{"loc":{"start":{"line":301,"column":14},"end":{"line":301,"column":59}},"type":"binary-expr","locations":[{"start":{"line":301,"column":14},"end":{"line":301,"column":29}},{"start":{"line":301,"column":33},"end":{"line":301,"column":59}}],"line":301},"24":{"loc":{"start":{"line":309,"column":4},"end":{"line":312,"column":5}},"type":"if","locations":[{"start":{"line":309,"column":4},"end":{"line":312,"column":5}},{"start":{},"end":{}}],"line":309},"25":{"loc":{"start":{"line":309,"column":8},"end":{"line":309,"column":40}},"type":"binary-expr","locations":[{"start":{"line":309,"column":8},"end":{"line":309,"column":13}},{"start":{"line":309,"column":17},"end":{"line":309,"column":40}}],"line":309},"26":{"loc":{"start":{"line":324,"column":6},"end":{"line":326,"column":7}},"type":"if","locations":[{"start":{"line":324,"column":6},"end":{"line":326,"column":7}},{"start":{},"end":{}}],"line":324},"27":{"loc":{"start":{"line":332,"column":4},"end":{"line":335,"column":5}},"type":"if","locations":[{"start":{"line":332,"column":4},"end":{"line":335,"column":5}},{"start":{},"end":{}}],"line":332},"28":{"loc":{"start":{"line":343,"column":6},"end":{"line":346,"column":7}},"type":"if","locations":[{"start":{"line":343,"column":6},"end":{"line":346,"column":7}},{"start":{},"end":{}}],"line":343},"29":{"loc":{"start":{"line":345,"column":20},"end":{"line":345,"column":36}},"type":"binary-expr","locations":[{"start":{"line":345,"column":20},"end":{"line":345,"column":30}},{"start":{"line":345,"column":34},"end":{"line":345,"column":36}}],"line":345},"30":{"loc":{"start":{"line":368,"column":2},"end":{"line":374,"column":3}},"type":"if","locations":[{"start":{"line":368,"column":2},"end":{"line":374,"column":3}},{"start":{},"end":{}}],"line":368},"31":{"loc":{"start":{"line":375,"column":27},"end":{"line":375,"column":85}},"type":"cond-expr","locations":[{"start":{"line":375,"column":55},"end":{"line":375,"column":71}},{"start":{"line":375,"column":74},"end":{"line":375,"column":85}}],"line":375},"32":{"loc":{"start":{"line":375,"column":27},"end":{"line":375,"column":52}},"type":"binary-expr","locations":[{"start":{"line":375,"column":27},"end":{"line":375,"column":33}},{"start":{"line":375,"column":37},"end":{"line":375,"column":52}}],"line":375},"33":{"loc":{"start":{"line":383,"column":13},"end":{"line":383,"column":59}},"type":"cond-expr","locations":[{"start":{"line":383,"column":41},"end":{"line":383,"column":51}},{"start":{"line":383,"column":54},"end":{"line":383,"column":59}}],"line":383},"34":{"loc":{"start":{"line":383,"column":13},"end":{"line":383,"column":38}},"type":"binary-expr","locations":[{"start":{"line":383,"column":13},"end":{"line":383,"column":19}},{"start":{"line":383,"column":23},"end":{"line":383,"column":38}}],"line":383},"35":{"loc":{"start":{"line":386,"column":13},"end":{"line":390,"column":13}},"type":"binary-expr","locations":[{"start":{"line":386,"column":13},"end":{"line":386,"column":19}},{"start":{"line":386,"column":23},"end":{"line":386,"column":38}},{"start":{"line":387,"column":14},"end":{"line":389,"column":23}}],"line":386},"36":{"loc":{"start":{"line":401,"column":7},"end":{"line":548,"column":7}},"type":"binary-expr","locations":[{"start":{"line":401,"column":7},"end":{"line":401,"column":18}},{"start":{"line":402,"column":8},"end":{"line":547,"column":14}}],"line":401},"37":{"loc":{"start":{"line":422,"column":17},"end":{"line":443,"column":17}},"type":"binary-expr","locations":[{"start":{"line":422,"column":17},"end":{"line":422,"column":43}},{"start":{"line":423,"column":18},"end":{"line":442,"column":24}}],"line":422},"38":{"loc":{"start":{"line":426,"column":21},"end":{"line":437,"column":21}},"type":"cond-expr","locations":[{"start":{"line":427,"column":22},"end":{"line":428,"column":28}},{"start":{"line":430,"column":22},"end":{"line":436,"column":27}}],"line":426},"39":{"loc":{"start":{"line":445,"column":17},"end":{"line":467,"column":17}},"type":"binary-expr","locations":[{"start":{"line":445,"column":17},"end":{"line":445,"column":42}},{"start":{"line":446,"column":18},"end":{"line":466,"column":24}}],"line":445},"40":{"loc":{"start":{"line":450,"column":39},"end":{"line":450,"column":71}},"type":"binary-expr","locations":[{"start":{"line":450,"column":39},"end":{"line":450,"column":43}},{"start":{"line":450,"column":47},"end":{"line":450,"column":71}}],"line":450},"41":{"loc":{"start":{"line":457,"column":68},"end":{"line":457,"column":93}},"type":"cond-expr","locations":[{"start":{"line":457,"column":78},"end":{"line":457,"column":88}},{"start":{"line":457,"column":91},"end":{"line":457,"column":93}}],"line":457},"42":{"loc":{"start":{"line":460,"column":31},"end":{"line":460,"column":65}},"type":"cond-expr","locations":[{"start":{"line":460,"column":40},"end":{"line":460,"column":48}},{"start":{"line":460,"column":51},"end":{"line":460,"column":65}}],"line":460},"43":{"loc":{"start":{"line":469,"column":17},"end":{"line":513,"column":17}},"type":"binary-expr","locations":[{"start":{"line":469,"column":17},"end":{"line":469,"column":46}},{"start":{"line":470,"column":18},"end":{"line":512,"column":24}}],"line":469},"44":{"loc":{"start":{"line":482,"column":28},"end":{"line":482,"column":63}},"type":"if","locations":[{"start":{"line":482,"column":28},"end":{"line":482,"column":63}},{"start":{},"end":{}}],"line":482},"45":{"loc":{"start":{"line":492,"column":23},"end":{"line":510,"column":23}},"type":"cond-expr","locations":[{"start":{"line":493,"column":24},"end":{"line":495,"column":28}},{"start":{"line":497,"column":24},"end":{"line":509,"column":29}}],"line":492},"46":{"loc":{"start":{"line":494,"column":27},"end":{"line":494,"column":93}},"type":"cond-expr","locations":[{"start":{"line":494,"column":41},"end":{"line":494,"column":66}},{"start":{"line":494,"column":69},"end":{"line":494,"column":93}}],"line":494},"47":{"loc":{"start":{"line":526,"column":108},"end":{"line":526,"column":150}},"type":"cond-expr","locations":[{"start":{"line":526,"column":137},"end":{"line":526,"column":145}},{"start":{"line":526,"column":148},"end":{"line":526,"column":150}}],"line":526},"48":{"loc":{"start":{"line":530,"column":107},"end":{"line":530,"column":148}},"type":"cond-expr","locations":[{"start":{"line":530,"column":135},"end":{"line":530,"column":143}},{"start":{"line":530,"column":146},"end":{"line":530,"column":148}}],"line":530},"49":{"loc":{"start":{"line":534,"column":111},"end":{"line":534,"column":156}},"type":"cond-expr","locations":[{"start":{"line":534,"column":143},"end":{"line":534,"column":151}},{"start":{"line":534,"column":154},"end":{"line":534,"column":156}}],"line":534},"50":{"loc":{"start":{"line":551,"column":7},"end":{"line":606,"column":7}},"type":"binary-expr","locations":[{"start":{"line":551,"column":7},"end":{"line":551,"column":20}},{"start":{"line":552,"column":8},"end":{"line":605,"column":14}}],"line":551},"51":{"loc":{"start":{"line":565,"column":15},"end":{"line":587,"column":15}},"type":"cond-expr","locations":[{"start":{"line":566,"column":16},"end":{"line":566,"column":67}},{"start":{"line":568,"column":16},"end":{"line":586,"column":21}}],"line":565},"52":{"loc":{"start":{"line":572,"column":56},"end":{"line":572,"column":100}},"type":"cond-expr","locations":[{"start":{"line":572,"column":85},"end":{"line":572,"column":95}},{"start":{"line":572,"column":98},"end":{"line":572,"column":100}}],"line":572},"53":{"loc":{"start":{"line":580,"column":57},"end":{"line":580,"column":101}},"type":"cond-expr","locations":[{"start":{"line":580,"column":86},"end":{"line":580,"column":96}},{"start":{"line":580,"column":99},"end":{"line":580,"column":101}}],"line":580},"54":{"loc":{"start":{"line":582,"column":25},"end":{"line":582,"column":75}},"type":"cond-expr","locations":[{"start":{"line":582,"column":54},"end":{"line":582,"column":63}},{"start":{"line":582,"column":66},"end":{"line":582,"column":75}}],"line":582},"55":{"loc":{"start":{"line":608,"column":7},"end":{"line":684,"column":7}},"type":"cond-expr","locations":[{"start":{"line":609,"column":8},"end":{"line":611,"column":14}},{"start":{"line":613,"column":8},"end":{"line":683,"column":14}}],"line":608},"56":{"loc":{"start":{"line":614,"column":11},"end":{"line":629,"column":11}},"type":"binary-expr","locations":[{"start":{"line":614,"column":12},"end":{"line":614,"column":19}},{"start":{"line":614,"column":23},"end":{"line":614,"column":38}},{"start":{"line":615,"column":12},"end":{"line":628,"column":18}}],"line":614},"57":{"loc":{"start":{"line":622,"column":52},"end":{"line":622,"column":85}},"type":"cond-expr","locations":[{"start":{"line":622,"column":69},"end":{"line":622,"column":80}},{"start":{"line":622,"column":83},"end":{"line":622,"column":85}}],"line":622},"58":{"loc":{"start":{"line":636,"column":17},"end":{"line":662,"column":18}},"type":"binary-expr","locations":[{"start":{"line":636,"column":17},"end":{"line":636,"column":33}},{"start":{"line":636,"column":37},"end":{"line":662,"column":18}}],"line":636},"59":{"loc":{"start":{"line":639,"column":18},"end":{"line":639,"column":40}},"type":"if","locations":[{"start":{"line":639,"column":18},"end":{"line":639,"column":40}},{"start":{},"end":{}}],"line":639},"60":{"loc":{"start":{"line":667,"column":11},"end":{"line":682,"column":11}},"type":"binary-expr","locations":[{"start":{"line":667,"column":12},"end":{"line":667,"column":19}},{"start":{"line":667,"column":23},"end":{"line":667,"column":38}},{"start":{"line":668,"column":12},"end":{"line":681,"column":18}}],"line":667},"61":{"loc":{"start":{"line":677,"column":66},"end":{"line":677,"column":126}},"type":"cond-expr","locations":[{"start":{"line":677,"column":85},"end":{"line":677,"column":122}},{"start":{"line":677,"column":125},"end":{"line":677,"column":126}}],"line":677}},"s":{"0":1,"1":1,"2":79,"3":79,"4":79,"5":79,"6":79,"7":79,"8":79,"9":79,"10":79,"11":79,"12":79,"13":79,"14":79,"15":79,"16":79,"17":79,"18":79,"19":79,"20":79,"21":27,"22":27,"23":4,"24":79,"25":27,"26":27,"27":1,"28":1,"29":1,"30":1,"31":26,"32":26,"33":25,"34":25,"35":25,"36":25,"37":0,"38":0,"39":25,"40":79,"41":4,"42":4,"43":4,"44":4,"45":4,"46":4,"47":4,"48":4,"49":0,"50":4,"51":79,"52":27,"53":27,"54":27,"55":27,"56":27,"57":27,"58":30,"59":16,"60":16,"61":16,"62":13,"63":26,"64":16,"65":16,"66":16,"67":13,"68":26,"69":13,"70":13,"71":16,"72":16,"73":16,"74":13,"75":26,"76":16,"77":16,"78":16,"79":79,"80":1,"81":2,"82":79,"83":3,"84":4,"85":3,"86":1,"87":2,"88":2,"89":2,"90":2,"91":2,"92":2,"93":1,"94":1,"95":79,"96":2,"97":2,"98":2,"99":2,"100":2,"101":2,"102":1,"103":1,"104":1,"105":0,"106":0,"107":1,"108":1,"109":1,"110":1,"111":0,"112":79,"113":0,"114":79,"115":0,"116":0,"117":0,"118":0,"119":0,"120":0,"121":0,"122":0,"123":0,"124":0,"125":0,"126":79,"127":1,"128":1,"129":0,"130":0,"131":1,"132":1,"133":1,"134":1,"135":1,"136":79,"137":3,"138":1,"139":1,"140":2,"141":2,"142":2,"143":1,"144":1,"145":1,"146":1,"147":79,"148":0,"149":0,"150":79,"151":0,"152":0,"153":0,"154":79,"155":1,"156":1,"157":79,"158":31,"159":48,"160":48,"161":52,"162":48,"163":9,"164":0,"165":13,"166":1,"167":5,"168":6,"169":6,"170":1,"171":2,"172":0,"173":0,"174":2,"175":0,"176":0,"177":3,"178":3,"179":0,"180":0,"181":0,"182":1,"183":0,"184":0,"185":52,"186":1,"187":49,"188":49,"189":49,"190":0,"191":49},"f":{"0":79,"1":27,"2":27,"3":4,"4":27,"5":30,"6":26,"7":26,"8":13,"9":26,"10":1,"11":2,"12":3,"13":4,"14":2,"15":2,"16":1,"17":0,"18":0,"19":0,"20":1,"21":3,"22":0,"23":0,"24":1,"25":52,"26":9,"27":0,"28":13,"29":1,"30":5,"31":6,"32":1,"33":2,"34":0,"35":2,"36":0,"37":0,"38":3,"39":3,"40":0,"41":0,"42":0,"43":1,"44":0,"45":0,"46":52,"47":1,"48":49},"b":{"0":[4,23],"1":[27,27],"2":[1,26],"3":[25,0],"4":[4,0],"5":[27,0],"6":[30,15],"7":[30,15],"8":[16,0],"9":[13,3],"10":[16,0],"11":[13,3],"12":[16,0],"13":[13,3],"14":[16,0],"15":[1,1],"16":[1,2],"17":[1,1],"18":[2,0],"19":[1,1],"20":[2,2],"21":[0,1],"22":[0,0],"23":[0,0],"24":[0,1],"25":[1,1],"26":[1,0],"27":[1,2],"28":[1,0],"29":[1,0],"30":[31,48],"31":[4,44],"32":[48,48],"33":[4,44],"34":[48,48],"35":[48,48,4],"36":[48,20],"37":[20,10],"38":[5,5],"39":[20,3],"40":[6,6],"41":[2,4],"42":[4,2],"43":[20,7],"44":[0,0],"45":[6,1],"46":[2,4],"47":[10,10],"48":[3,17],"49":[7,13],"50":[48,1],"51":[0,1],"52":[0,1],"53":[0,1],"54":[0,1],"55":[0,48],"56":[48,48,44],"57":[27,25],"58":[48,48],"59":[0,49],"60":[48,48,44],"61":[26,18]},"_coverageSchema":"1a1c01bbd47fc00a2c39e90264f33305004495a9","hash":"e0258d7eeb3d71cd78f8aa97c323cb9579d44cc1"}
}
