TN:
SF:src\App.jsx
FN:8,App
FNF:1
FNH:1
FNDA:2,App
DA:9,2
LF:1
LH:1
BRF:0
BRH:0
end_of_record
TN:
SF:src\main.jsx
FNF:0
FNH:0
DA:6,4
LF:1
LH:1
BRF:0
BRH:0
end_of_record
TN:
SF:src\assets\components\LoginPage.jsx
FN:7,LoginPage
FN:16,(anonymous_1)
FN:18,(anonymous_2)
FN:26,(anonymous_3)
FN:62,(anonymous_4)
FNF:5
FNH:4
FNDA:30,LoginPage
FNDA:13,(anonymous_1)
FNDA:13,(anonymous_2)
FNDA:6,(anonymous_3)
FNDA:0,(anonymous_4)
DA:5,1
DA:8,30
DA:9,30
DA:10,30
DA:11,30
DA:16,30
DA:17,13
DA:18,13
DA:23,13
DA:26,30
DA:27,6
DA:28,6
DA:29,6
DA:31,6
DA:33,6
DA:34,1
DA:35,1
DA:36,1
DA:39,5
DA:40,5
DA:48,4
DA:49,4
DA:50,3
DA:51,3
DA:53,1
DA:56,1
DA:58,5
DA:62,30
DA:63,0
DA:64,0
DA:67,30
LF:31
LH:29
BRDA:23,0,0,1
BRDA:23,0,1,12
BRDA:33,1,0,1
BRDA:33,1,1,5
BRDA:49,2,0,3
BRDA:49,2,1,1
BRDA:49,3,0,4
BRDA:49,3,1,3
BRDA:76,4,0,30
BRDA:76,4,1,3
BRDA:147,5,0,5
BRDA:147,5,1,25
BRF:12
BRH:12
end_of_record
TN:
SF:src\assets\components\RegisterPage.jsx
FN:8,RegisterPage
FN:13,(anonymous_1)
FN:56,(anonymous_2)
FNF:3
FNH:2
FNDA:16,RegisterPage
FNDA:0,(anonymous_1)
FNDA:2,(anonymous_2)
DA:6,1
DA:9,16
DA:10,16
DA:11,16
DA:13,16
DA:14,0
DA:16,0
DA:17,0
DA:20,0
DA:21,0
DA:22,0
DA:25,0
DA:26,0
DA:27,0
DA:28,0
DA:31,0
DA:33,0
DA:41,0
DA:43,0
DA:44,0
DA:46,0
DA:49,0
DA:52,0
DA:56,16
DA:57,2
DA:58,2
DA:61,16
LF:27
LH:9
BRDA:25,0,0,0
BRDA:25,0,1,0
BRDA:43,1,0,0
BRDA:43,1,1,0
BRF:4
BRH:0
end_of_record
TN:
SF:src\assets\components\Room.jsx
FN:26,Room
FN:64,(anonymous_1)
FN:71,(anonymous_2)
FN:104,(anonymous_3)
FN:133,(anonymous_4)
FN:147,(anonymous_5)
FN:159,(anonymous_6)
FN:171,(anonymous_7)
FN:173,(anonymous_8)
FN:185,(anonymous_9)
FN:208,(anonymous_10)
FN:209,(anonymous_11)
FN:214,(anonymous_12)
FN:215,(anonymous_13)
FN:229,(anonymous_14)
FN:242,(anonymous_15)
FN:254,(anonymous_16)
FN:274,(anonymous_17)
FN:278,(anonymous_18)
FN:282,(anonymous_19)
FN:307,(anonymous_20)
FN:331,(anonymous_21)
FN:352,(anonymous_22)
FN:357,(anonymous_23)
FN:363,(anonymous_24)
FN:376,(anonymous_25)
FN:391,(anonymous_26)
FN:402,(anonymous_27)
FN:403,(anonymous_28)
FN:405,(anonymous_29)
FN:431,(anonymous_30)
FN:449,(anonymous_31)
FN:456,(anonymous_32)
FN:480,(anonymous_33)
FN:481,(anonymous_34)
FN:498,(anonymous_35)
FN:502,(anonymous_36)
FN:526,(anonymous_37)
FN:530,(anonymous_38)
FN:534,(anonymous_39)
FN:552,(anonymous_40)
FN:553,(anonymous_41)
FN:557,(anonymous_42)
FN:569,(anonymous_43)
FN:579,(anonymous_44)
FN:592,(anonymous_45)
FN:618,(anonymous_46)
FN:621,(anonymous_47)
FN:636,(anonymous_48)
FNF:49
FNH:35
FNDA:79,Room
FNDA:27,(anonymous_1)
FNDA:27,(anonymous_2)
FNDA:4,(anonymous_3)
FNDA:27,(anonymous_4)
FNDA:30,(anonymous_5)
FNDA:26,(anonymous_6)
FNDA:26,(anonymous_7)
FNDA:13,(anonymous_8)
FNDA:26,(anonymous_9)
FNDA:1,(anonymous_10)
FNDA:2,(anonymous_11)
FNDA:3,(anonymous_12)
FNDA:4,(anonymous_13)
FNDA:2,(anonymous_14)
FNDA:2,(anonymous_15)
FNDA:1,(anonymous_16)
FNDA:0,(anonymous_17)
FNDA:0,(anonymous_18)
FNDA:0,(anonymous_19)
FNDA:1,(anonymous_20)
FNDA:3,(anonymous_21)
FNDA:0,(anonymous_22)
FNDA:0,(anonymous_23)
FNDA:1,(anonymous_24)
FNDA:52,(anonymous_25)
FNDA:9,(anonymous_26)
FNDA:0,(anonymous_27)
FNDA:13,(anonymous_28)
FNDA:1,(anonymous_29)
FNDA:5,(anonymous_30)
FNDA:6,(anonymous_31)
FNDA:1,(anonymous_32)
FNDA:2,(anonymous_33)
FNDA:0,(anonymous_34)
FNDA:2,(anonymous_35)
FNDA:0,(anonymous_36)
FNDA:0,(anonymous_37)
FNDA:3,(anonymous_38)
FNDA:3,(anonymous_39)
FNDA:0,(anonymous_40)
FNDA:0,(anonymous_41)
FNDA:0,(anonymous_42)
FNDA:1,(anonymous_43)
FNDA:0,(anonymous_44)
FNDA:0,(anonymous_45)
FNDA:52,(anonymous_46)
FNDA:1,(anonymous_47)
FNDA:49,(anonymous_48)
DA:5,1
DA:10,1
DA:27,79
DA:28,79
DA:47,79
DA:48,79
DA:49,79
DA:50,79
DA:51,79
DA:52,79
DA:53,79
DA:54,79
DA:55,79
DA:56,79
DA:57,79
DA:58,79
DA:59,79
DA:60,79
DA:61,79
DA:62,79
DA:64,79
DA:65,27
DA:66,27
DA:67,4
DA:71,79
DA:72,27
DA:74,27
DA:75,1
DA:76,1
DA:77,1
DA:78,1
DA:81,26
DA:82,26
DA:86,25
DA:87,25
DA:88,25
DA:94,25
DA:97,0
DA:98,0
DA:100,25
DA:104,79
DA:105,4
DA:106,4
DA:107,4
DA:108,4
DA:112,4
DA:113,4
DA:114,4
DA:115,4
DA:118,0
DA:120,4
DA:133,79
DA:134,27
DA:136,27
DA:137,27
DA:145,27
DA:146,27
DA:147,30
DA:156,16
DA:157,16
DA:158,16
DA:159,26
DA:168,16
DA:169,16
DA:170,16
DA:171,26
DA:173,13
DA:182,16
DA:183,16
DA:184,16
DA:185,26
DA:195,16
DA:196,16
DA:197,16
DA:208,79
DA:209,1
DA:210,2
DA:214,79
DA:215,4
DA:216,3
DA:217,1
DA:220,2
DA:221,2
DA:222,2
DA:229,2
DA:233,2
DA:234,2
DA:235,1
DA:236,1
DA:242,79
DA:243,2
DA:244,2
DA:246,2
DA:250,2
DA:251,2
DA:253,2
DA:254,1
DA:256,1
DA:257,0
DA:258,0
DA:261,1
DA:262,1
DA:263,1
DA:265,1
DA:268,0
DA:274,79
DA:275,0
DA:278,79
DA:279,0
DA:281,0
DA:282,0
DA:284,0
DA:295,0
DA:296,0
DA:297,0
DA:298,0
DA:300,0
DA:301,0
DA:307,79
DA:308,1
DA:309,1
DA:310,0
DA:311,0
DA:314,1
DA:315,1
DA:323,1
DA:324,1
DA:325,1
DA:331,79
DA:332,3
DA:333,1
DA:334,1
DA:337,2
DA:338,2
DA:339,2
DA:343,1
DA:344,1
DA:345,1
DA:348,1
DA:352,79
DA:353,0
DA:354,0
DA:357,79
DA:358,0
DA:359,0
DA:360,0
DA:363,79
DA:364,1
DA:365,1
DA:368,79
DA:369,31
DA:375,48
DA:376,52
DA:378,48
DA:391,9
DA:402,0
DA:403,13
DA:405,1
DA:432,5
DA:450,6
DA:451,6
DA:456,1
DA:480,2
DA:482,0
DA:499,2
DA:502,0
DA:526,0
DA:530,3
DA:534,3
DA:552,0
DA:553,0
DA:557,0
DA:570,1
DA:579,0
DA:592,0
DA:619,52
DA:621,1
DA:637,49
DA:638,49
DA:639,49
DA:641,49
LF:181
LH:148
BRDA:66,0,0,4
BRDA:66,0,1,23
BRDA:66,1,0,27
BRDA:66,1,1,27
BRDA:74,2,0,1
BRDA:74,2,1,26
BRDA:86,3,0,25
BRDA:86,3,1,0
BRDA:112,4,0,4
BRDA:112,4,1,0
BRDA:145,5,0,27
BRDA:145,5,1,0
BRDA:150,6,0,30
BRDA:150,6,1,15
BRDA:152,7,0,30
BRDA:152,7,1,15
BRDA:156,8,0,16
BRDA:156,8,1,0
BRDA:158,9,0,13
BRDA:158,9,1,3
BRDA:168,10,0,16
BRDA:168,10,1,0
BRDA:170,11,0,13
BRDA:170,11,1,3
BRDA:182,12,0,16
BRDA:182,12,1,0
BRDA:184,13,0,13
BRDA:184,13,1,3
BRDA:195,14,0,16
BRDA:195,14,1,0
BRDA:210,15,0,1
BRDA:210,15,1,1
BRDA:216,16,0,1
BRDA:216,16,1,2
BRDA:234,17,0,1
BRDA:234,17,1,1
BRDA:250,18,0,2
BRDA:250,18,1,0
BRDA:253,19,0,1
BRDA:253,19,1,1
BRDA:253,20,0,2
BRDA:253,20,1,2
BRDA:256,21,0,0
BRDA:256,21,1,1
BRDA:295,22,0,0
BRDA:295,22,1,0
BRDA:301,23,0,0
BRDA:301,23,1,0
BRDA:309,24,0,0
BRDA:309,24,1,1
BRDA:309,25,0,1
BRDA:309,25,1,1
BRDA:324,26,0,1
BRDA:324,26,1,0
BRDA:332,27,0,1
BRDA:332,27,1,2
BRDA:343,28,0,1
BRDA:343,28,1,0
BRDA:345,29,0,1
BRDA:345,29,1,0
BRDA:368,30,0,31
BRDA:368,30,1,48
BRDA:375,31,0,4
BRDA:375,31,1,44
BRDA:375,32,0,48
BRDA:375,32,1,48
BRDA:383,33,0,4
BRDA:383,33,1,44
BRDA:383,34,0,48
BRDA:383,34,1,48
BRDA:386,35,0,48
BRDA:386,35,1,48
BRDA:386,35,2,4
BRDA:401,36,0,48
BRDA:401,36,1,20
BRDA:422,37,0,20
BRDA:422,37,1,10
BRDA:426,38,0,5
BRDA:426,38,1,5
BRDA:445,39,0,20
BRDA:445,39,1,3
BRDA:450,40,0,6
BRDA:450,40,1,6
BRDA:457,41,0,2
BRDA:457,41,1,4
BRDA:460,42,0,4
BRDA:460,42,1,2
BRDA:469,43,0,20
BRDA:469,43,1,7
BRDA:482,44,0,0
BRDA:482,44,1,0
BRDA:492,45,0,6
BRDA:492,45,1,1
BRDA:494,46,0,2
BRDA:494,46,1,4
BRDA:526,47,0,10
BRDA:526,47,1,10
BRDA:530,48,0,3
BRDA:530,48,1,17
BRDA:534,49,0,7
BRDA:534,49,1,13
BRDA:551,50,0,48
BRDA:551,50,1,1
BRDA:565,51,0,0
BRDA:565,51,1,1
BRDA:572,52,0,0
BRDA:572,52,1,1
BRDA:580,53,0,0
BRDA:580,53,1,1
BRDA:582,54,0,0
BRDA:582,54,1,1
BRDA:608,55,0,0
BRDA:608,55,1,48
BRDA:614,56,0,48
BRDA:614,56,1,48
BRDA:614,56,2,44
BRDA:622,57,0,27
BRDA:622,57,1,25
BRDA:636,58,0,48
BRDA:636,58,1,48
BRDA:639,59,0,0
BRDA:639,59,1,49
BRDA:667,60,0,48
BRDA:667,60,1,48
BRDA:667,60,2,44
BRDA:677,61,0,26
BRDA:677,61,1,18
BRF:127
BRH:102
end_of_record
